[debug] [2018-11-16T09:12:22.422Z] ----------------------------------------------------------------------
[debug] [2018-11-16T09:12:22.424Z] Command:       /usr/local/bin/node /usr/local/bin/firebase serve
[debug] [2018-11-16T09:12:22.425Z] CLI Version:   6.1.0
[debug] [2018-11-16T09:12:22.425Z] Platform:      darwin
[debug] [2018-11-16T09:12:22.425Z] Node Version:  v11.1.0
[debug] [2018-11-16T09:12:22.426Z] Time:          Fri Nov 16 2018 03:12:22 GMT-0600 (Central Standard Time)
[debug] [2018-11-16T09:12:22.426Z] ----------------------------------------------------------------------
[debug] 
[debug] [2018-11-16T09:12:22.435Z] > command requires scopes: ["email","openid","https://www.googleapis.com/auth/cloudplatformprojects.readonly","https://www.googleapis.com/auth/firebase","https://www.googleapis.com/auth/cloud-platform"]
[debug] [2018-11-16T09:12:22.435Z] > authorizing via signed-in user
[debug] [2018-11-16T09:12:22.436Z] [iam] checking project gymbarsgt for permissions ["firebase.projects.get"]
[debug] [2018-11-16T09:12:22.437Z] >>> HTTP REQUEST POST https://cloudresourcemanager.googleapis.com/v1/projects/gymbarsgt:testIamPermissions  

[debug] [2018-11-16T09:12:22.896Z] <<< HTTP RESPONSE 200
[debug] [2018-11-16T09:12:22.898Z] >>> HTTP REQUEST GET https://cloudresourcemanager.googleapis.com/v1/projects/gymbarsgt  
 
[debug] [2018-11-16T09:12:23.276Z] <<< HTTP RESPONSE 200
[info] 
[info] === Serving from '/Users/erickneur/Developer/Angular/gymbars'...
[info] 
[debug] [2018-11-16T09:12:24.959Z] Error: EACCES: permission denied, mkdir '/usr/local/lib/node_modules/firebase-tools/node_modules/@google-cloud/functions-emulator/logs'
    at Object.mkdirSync (fs.js:773:3)
    at Object.assertLogsPath (/usr/local/lib/node_modules/firebase-tools/node_modules/@google-cloud/functions-emulator/src/emulator/logs.js:65:10)
    at new Controller (/usr/local/lib/node_modules/firebase-tools/node_modules/@google-cloud/functions-emulator/src/cli/controller.js:77:32)
    at FunctionsEmulator.start (/usr/local/lib/node_modules/firebase-tools/lib/functionsEmulator.js:102:23)
    at Object.start (/usr/local/lib/node_modules/firebase-tools/lib/serve/functions.js:7:33)
    at /usr/local/lib/node_modules/firebase-tools/lib/serve/index.js:15:23
    at arrayMap (/usr/local/lib/node_modules/firebase-tools/node_modules/lodash/lodash.js:639:23)
    at Function.map (/usr/local/lib/node_modules/firebase-tools/node_modules/lodash/lodash.js:9556:14)
    at _serve (/usr/local/lib/node_modules/firebase-tools/lib/serve/index.js:13:26)
    at Command.module.exports.Command.description.option.option.option.option.before.action [as _action] (/usr/local/lib/node_modules/firebase-tools/lib/commands/serve.js:53:12)
[error] 
[error] Error: An unexpected error has occurred.
[debug] [2018-11-16T09:12:32.150Z] ----------------------------------------------------------------------
[debug] [2018-11-16T09:12:32.152Z] Command:       /usr/local/bin/node /usr/local/bin/firebase serve
[debug] [2018-11-16T09:12:32.153Z] CLI Version:   6.1.0
[debug] [2018-11-16T09:12:32.153Z] Platform:      darwin
[debug] [2018-11-16T09:12:32.153Z] Node Version:  v11.1.0
[debug] [2018-11-16T09:12:32.154Z] Time:          Fri Nov 16 2018 03:12:32 GMT-0600 (Central Standard Time)
[debug] [2018-11-16T09:12:32.154Z] ----------------------------------------------------------------------
[debug] 
[debug] [2018-11-16T09:12:32.163Z] > command requires scopes: ["email","openid","https://www.googleapis.com/auth/cloudplatformprojects.readonly","https://www.googleapis.com/auth/firebase","https://www.googleapis.com/auth/cloud-platform"]
[debug] [2018-11-16T09:12:32.163Z] > authorizing via signed-in user
[debug] [2018-11-16T09:12:32.163Z] [iam] checking project gymbarsgt for permissions ["firebase.projects.get"]
[debug] [2018-11-16T09:12:32.165Z] >>> HTTP REQUEST POST https://cloudresourcemanager.googleapis.com/v1/projects/gymbarsgt:testIamPermissions  

[debug] [2018-11-16T09:12:32.954Z] <<< HTTP RESPONSE 200
[debug] [2018-11-16T09:12:32.956Z] >>> HTTP REQUEST GET https://cloudresourcemanager.googleapis.com/v1/projects/gymbarsgt  
 
[debug] [2018-11-16T09:12:33.586Z] <<< HTTP RESPONSE 200
[info] 
[info] === Serving from '/Users/erickneur/Developer/Angular/gymbars'...
[info] 
[debug] [2018-11-16T09:12:34.704Z] Error: EACCES: permission denied, mkdir '/usr/local/lib/node_modules/firebase-tools/node_modules/@google-cloud/functions-emulator/logs'
    at Object.mkdirSync (fs.js:773:3)
    at Object.assertLogsPath (/usr/local/lib/node_modules/firebase-tools/node_modules/@google-cloud/functions-emulator/src/emulator/logs.js:65:10)
    at new Controller (/usr/local/lib/node_modules/firebase-tools/node_modules/@google-cloud/functions-emulator/src/cli/controller.js:77:32)
    at FunctionsEmulator.start (/usr/local/lib/node_modules/firebase-tools/lib/functionsEmulator.js:102:23)
    at Object.start (/usr/local/lib/node_modules/firebase-tools/lib/serve/functions.js:7:33)
    at /usr/local/lib/node_modules/firebase-tools/lib/serve/index.js:15:23
    at arrayMap (/usr/local/lib/node_modules/firebase-tools/node_modules/lodash/lodash.js:639:23)
    at Function.map (/usr/local/lib/node_modules/firebase-tools/node_modules/lodash/lodash.js:9556:14)
    at _serve (/usr/local/lib/node_modules/firebase-tools/lib/serve/index.js:13:26)
    at Command.module.exports.Command.description.option.option.option.option.before.action [as _action] (/usr/local/lib/node_modules/firebase-tools/lib/commands/serve.js:53:12)
[error] 
[error] Error: An unexpected error has occurred.
[debug] [2018-11-16T09:12:50.982Z] ----------------------------------------------------------------------
[debug] [2018-11-16T09:12:50.985Z] Command:       /usr/local/bin/node /usr/local/bin/firebase serve
[debug] [2018-11-16T09:12:50.986Z] CLI Version:   6.1.0
[debug] [2018-11-16T09:12:50.986Z] Platform:      darwin
[debug] [2018-11-16T09:12:50.986Z] Node Version:  v11.1.0
[debug] [2018-11-16T09:12:50.987Z] Time:          Fri Nov 16 2018 03:12:50 GMT-0600 (Central Standard Time)
[debug] [2018-11-16T09:12:50.987Z] ----------------------------------------------------------------------
[debug] 
[debug] [2018-11-16T09:12:50.998Z] > command requires scopes: ["email","openid","https://www.googleapis.com/auth/cloudplatformprojects.readonly","https://www.googleapis.com/auth/firebase","https://www.googleapis.com/auth/cloud-platform"]
[debug] [2018-11-16T09:12:50.998Z] > authorizing via signed-in user
[debug] [2018-11-16T09:12:50.998Z] [iam] checking project gymbarsgt for permissions ["firebase.projects.get"]
[debug] [2018-11-16T09:12:51.000Z] >>> HTTP REQUEST POST https://cloudresourcemanager.googleapis.com/v1/projects/gymbarsgt:testIamPermissions  

[debug] [2018-11-16T09:12:52.153Z] <<< HTTP RESPONSE 200
[debug] [2018-11-16T09:12:52.154Z] >>> HTTP REQUEST GET https://cloudresourcemanager.googleapis.com/v1/projects/gymbarsgt  
 
[debug] [2018-11-16T09:12:52.489Z] <<< HTTP RESPONSE 200
[info] 
[info] === Serving from '/Users/erickneur/Developer/Angular/gymbars'...
[info] 
[debug] [2018-11-16T09:12:53.142Z] Error: EACCES: permission denied, mkdir '/usr/local/lib/node_modules/firebase-tools/node_modules/@google-cloud/functions-emulator/logs'
    at Object.mkdirSync (fs.js:773:3)
    at Object.assertLogsPath (/usr/local/lib/node_modules/firebase-tools/node_modules/@google-cloud/functions-emulator/src/emulator/logs.js:65:10)
    at new Controller (/usr/local/lib/node_modules/firebase-tools/node_modules/@google-cloud/functions-emulator/src/cli/controller.js:77:32)
    at FunctionsEmulator.start (/usr/local/lib/node_modules/firebase-tools/lib/functionsEmulator.js:102:23)
    at Object.start (/usr/local/lib/node_modules/firebase-tools/lib/serve/functions.js:7:33)
    at /usr/local/lib/node_modules/firebase-tools/lib/serve/index.js:15:23
    at arrayMap (/usr/local/lib/node_modules/firebase-tools/node_modules/lodash/lodash.js:639:23)
    at Function.map (/usr/local/lib/node_modules/firebase-tools/node_modules/lodash/lodash.js:9556:14)
    at _serve (/usr/local/lib/node_modules/firebase-tools/lib/serve/index.js:13:26)
    at Command.module.exports.Command.description.option.option.option.option.before.action [as _action] (/usr/local/lib/node_modules/firebase-tools/lib/commands/serve.js:53:12)
[error] 
[error] Error: An unexpected error has occurred.
